Using pre-set license
Built from '2021.3/staging' branch; Version is '2021.3.8f1 (b30333d56e81) revision 11731763'; Using compiler version '192829333'; Build Type 'Release'
OS: 'Windows 10  (10.0.19044) 64bit Education' Language: 'de' Physical Memory: 12233 MB
BatchMode: 1, IsHumanControllingUs: 0, StartBugReporterOnCrash: 0, Is64bit: 1, IsPro: 1

COMMAND LINE ARGUMENTS:
E:\Unity\2021.3.8f1\Editor\Unity.exe
-adb2
-batchMode
-noUpm
-name
AssetImportWorker0
-projectPath
E:/Unity Projects/Programming-Theory-Repo/Programming Theory Project
-logFile
Logs/AssetImportWorker0.log
-srvPort
58629
Successfully changed project path to: E:/Unity Projects/Programming-Theory-Repo/Programming Theory Project
E:/Unity Projects/Programming-Theory-Repo/Programming Theory Project
[UnityMemory] Configuration Parameters - Can be set up in boot.config
    "memorysetup-bucket-allocator-granularity=16"
    "memorysetup-bucket-allocator-bucket-count=8"
    "memorysetup-bucket-allocator-block-size=33554432"
    "memorysetup-bucket-allocator-block-count=8"
    "memorysetup-main-allocator-block-size=16777216"
    "memorysetup-thread-allocator-block-size=16777216"
    "memorysetup-gfx-main-allocator-block-size=16777216"
    "memorysetup-gfx-thread-allocator-block-size=16777216"
    "memorysetup-cache-allocator-block-size=4194304"
    "memorysetup-typetree-allocator-block-size=2097152"
    "memorysetup-profiler-bucket-allocator-granularity=16"
    "memorysetup-profiler-bucket-allocator-bucket-count=8"
    "memorysetup-profiler-bucket-allocator-block-size=33554432"
    "memorysetup-profiler-bucket-allocator-block-count=8"
    "memorysetup-profiler-allocator-block-size=16777216"
    "memorysetup-profiler-editor-allocator-block-size=1048576"
    "memorysetup-temp-allocator-size-main=16777216"
    "memorysetup-job-temp-allocator-block-size=2097152"
    "memorysetup-job-temp-allocator-block-size-background=1048576"
    "memorysetup-job-temp-allocator-reduction-small-platforms=262144"
    "memorysetup-temp-allocator-size-background-worker=32768"
    "memorysetup-temp-allocator-size-job-worker=262144"
    "memorysetup-temp-allocator-size-preload-manager=33554432"
    "memorysetup-temp-allocator-size-nav-mesh-worker=65536"
    "memorysetup-temp-allocator-size-audio-worker=65536"
    "memorysetup-temp-allocator-size-cloud-worker=32768"
    "memorysetup-temp-allocator-size-gi-baking-worker=262144"
    "memorysetup-temp-allocator-size-gfx=262144"
Refreshing native plugins compatible for Editor in 123.35 ms, found 3 plugins.
Preloading 0 native plugins for Editor in 0.00 ms.
Initialize engine version: 2021.3.8f1 (b30333d56e81)
[Subsystems] Discovering subsystems at path E:/Unity/2021.3.8f1/Editor/Data/Resources/UnitySubsystems
[Subsystems] Discovering subsystems at path E:/Unity Projects/Programming-Theory-Repo/Programming Theory Project/Assets
GfxDevice: creating device client; threaded=0; jobified=0
Direct3D:
    Version:  Direct3D 11.0 [level 11.1]
    Renderer: NVIDIA GeForce GTX 1650 (ID=0x1f82)
    Vendor:   NVIDIA
    VRAM:     3962 MB
    Driver:   31.0.15.1694
Initialize mono
Mono path[0] = 'E:/Unity/2021.3.8f1/Editor/Data/Managed'
Mono path[1] = 'E:/Unity/2021.3.8f1/Editor/Data/MonoBleedingEdge/lib/mono/unityjit-win32'
Mono config path = 'E:/Unity/2021.3.8f1/Editor/Data/MonoBleedingEdge/etc'
Using monoOptions --debugger-agent=transport=dt_socket,embedding=1,server=y,suspend=n,address=127.0.0.1:56728
Begin MonoManager ReloadAssembly
Registering precompiled unity dll's ...
Register platform support module: E:/Unity/2021.3.8f1/Editor/Data/PlaybackEngines/WebGLSupport/UnityEditor.WebGL.Extensions.dll
Register platform support module: E:/Unity/2021.3.8f1/Editor/Data/PlaybackEngines/WindowsStandaloneSupport/UnityEditor.WindowsStandalone.Extensions.dll
Registered in 0.006781 seconds.
Native extension for WindowsStandalone target not found
Native extension for WebGL target not found
Refreshing native plugins compatible for Editor in 115.54 ms, found 3 plugins.
Preloading 0 native plugins for Editor in 0.00 ms.
Mono: successfully reloaded assembly
- Completed reload, in  0.899 seconds
Domain Reload Profiling:
	ReloadAssembly (899ms)
		BeginReloadAssembly (103ms)
			ExecutionOrderSort (0ms)
			DisableScriptedObjects (0ms)
			BackupInstance (0ms)
			ReleaseScriptingObjects (0ms)
			CreateAndSetChildDomain (1ms)
		EndReloadAssembly (648ms)
			LoadAssemblies (102ms)
			RebuildTransferFunctionScriptingTraits (0ms)
			SetupTypeCache (147ms)
			ReleaseScriptCaches (0ms)
			RebuildScriptCaches (39ms)
			SetupLoadedEditorAssemblies (394ms)
				LogAssemblyErrors (0ms)
				InitializePlatformSupportModulesInManaged (10ms)
				SetLoadedEditorAssemblies (0ms)
				RefreshPlugins (116ms)
				BeforeProcessingInitializeOnLoad (2ms)
				ProcessInitializeOnLoadAttributes (206ms)
				ProcessInitializeOnLoadMethodAttributes (59ms)
				AfterProcessingInitializeOnLoad (0ms)
				EditorAssembliesLoaded (0ms)
			ExecutionOrderSort2 (0ms)
			AwakeInstancesAfterBackupRestoration (0ms)
Platform modules already initialized, skipping
Registering precompiled user dll's ...
Registered in 0.009370 seconds.
Begin MonoManager ReloadAssembly
Symbol file LoadedFromMemory doesn't match image E:\Unity Projects\Programming-Theory-Repo\Programming Theory Project\Library\PackageCache\com.unity.visualscripting@1.7.8\Editor\VisualScripting.Core\Dependencies\YamlDotNet\Unity.VisualScripting.YamlDotNet.dll
Symbol file LoadedFromMemory doesn't match image E:\Unity Projects\Programming-Theory-Repo\Programming Theory Project\Library\PackageCache\com.unity.visualscripting@1.7.8\Editor\VisualScripting.Core\Dependencies\DotNetZip\Unity.VisualScripting.IonicZip.dll
Native extension for WindowsStandalone target not found
Native extension for WebGL target not found
Refreshing native plugins compatible for Editor in 0.92 ms, found 3 plugins.
Preloading 0 native plugins for Editor in 0.00 ms.
Mono: successfully reloaded assembly
- Completed reload, in  1.464 seconds
Domain Reload Profiling:
	ReloadAssembly (1465ms)
		BeginReloadAssembly (184ms)
			ExecutionOrderSort (0ms)
			DisableScriptedObjects (9ms)
			BackupInstance (0ms)
			ReleaseScriptingObjects (0ms)
			CreateAndSetChildDomain (24ms)
		EndReloadAssembly (1129ms)
			LoadAssemblies (135ms)
			RebuildTransferFunctionScriptingTraits (0ms)
			SetupTypeCache (376ms)
			ReleaseScriptCaches (1ms)
			RebuildScriptCaches (72ms)
			SetupLoadedEditorAssemblies (514ms)
				LogAssemblyErrors (0ms)
				InitializePlatformSupportModulesInManaged (8ms)
				SetLoadedEditorAssemblies (1ms)
				RefreshPlugins (1ms)
				BeforeProcessingInitializeOnLoad (127ms)
				ProcessInitializeOnLoadAttributes (332ms)
				ProcessInitializeOnLoadMethodAttributes (38ms)
				AfterProcessingInitializeOnLoad (7ms)
				EditorAssembliesLoaded (0ms)
			ExecutionOrderSort2 (0ms)
			AwakeInstancesAfterBackupRestoration (8ms)
Platform modules already initialized, skipping
========================================================================
Worker process is ready to serve import requests
Launched and connected shader compiler UnityShaderCompiler.exe after 0.10 seconds
Refreshing native plugins compatible for Editor in 0.69 ms, found 3 plugins.
Preloading 0 native plugins for Editor in 0.00 ms.
Unloading 3377 Unused Serialized files (Serialized files now loaded: 0)
Unloading 27 unused Assets / (111.0 KB). Loaded Objects now: 3848.
Memory consumption went from 127.9 MB to 127.8 MB.
Total: 4.335200 ms (FindLiveObjects: 0.425400 ms CreateObjectMapping: 0.205800 ms MarkObjects: 3.555100 ms  DeleteObjects: 0.147400 ms)

AssetImportParameters requested are different than current active one (requested -> active):
  custom:video-decoder-ogg-theora: a1e56fd34408186e4bbccfd4996cb3dc -> 
  custom:container-muxer-webm: aa71ff27fc2769a1b78a27578f13a17b -> 
  custom:container-demuxer-webm: 4f35f7cbe854078d1ac9338744f61a02 -> 
  custom:video-encoder-webm-vp8: eb34c28f22e8b96e1ab97ce403110664 -> 
  custom:audio-encoder-webm-vorbis: bf7c407c2cedff20999df2af8eb42d56 -> 
  custom:framework-win-MediaFoundation: 216162199b28c13a410421893ffa2e32 -> 
  custom:container-demuxer-ogg: 62fdf1f143b41e24485cea50d1cbac27 -> 
  custom:video-decoder-webm-vp8: 9c59270c3fd7afecdb556c50c9e8de78 -> 
  custom:audio-decoder-ogg-vorbis: bf7c407c2cedff20999df2af8eb42d56 -> 
========================================================================
Received Import Request.
  Time since last request: 13683.651950 seconds.
  path: Assets/Scenes
  artifactKey: Guid(6ea315d0fd7389c41b19996891e99ae3) Importer(815301076,1909f56bfc062723c751e8b465ee728b)
Start importing Assets/Scenes using Guid(6ea315d0fd7389c41b19996891e99ae3) Importer(815301076,1909f56bfc062723c751e8b465ee728b)  -> (artifact id: 'b8193726cff86800c54781cdc6d54904') in 0.014637 seconds 
========================================================================
Received Import Request.
  Time since last request: 1.098107 seconds.
  path: Assets/Scenes/SampleScene.unity
  artifactKey: Guid(9fc0d4010bbf28b4594072e72b8655ab) Importer(815301076,1909f56bfc062723c751e8b465ee728b)
Start importing Assets/Scenes/SampleScene.unity using Guid(9fc0d4010bbf28b4594072e72b8655ab) Importer(815301076,1909f56bfc062723c751e8b465ee728b)  -> (artifact id: 'e55ccaa32d8e5c1de03c07a5412c8c3c') in 0.009413 seconds 
========================================================================
Received Import Request.
  Time since last request: 64.808258 seconds.
  path: Assets
  artifactKey: Guid(00000000000000001000000000000000) Importer(815301076,1909f56bfc062723c751e8b465ee728b)
Start importing Assets using Guid(00000000000000001000000000000000) Importer(815301076,1909f56bfc062723c751e8b465ee728b)  -> (artifact id: '79842766b460edbeab6a34051e857a80') in 0.008220 seconds 
========================================================================
Received Import Request.
  Time since last request: 6.960837 seconds.
  path: Assets/pic1
  artifactKey: Guid(788b51d0463fb5a4cbbe7fe3a9193951) Importer(815301076,1909f56bfc062723c751e8b465ee728b)
Start importing Assets/pic1 using Guid(788b51d0463fb5a4cbbe7fe3a9193951) Importer(815301076,1909f56bfc062723c751e8b465ee728b)  -> (artifact id: '01d699dea28f77e54e5a9d3d456d80b2') in 0.008091 seconds 
========================================================================
Received Import Request.
  Time since last request: 4.769732 seconds.
  path: Assets/pics
  artifactKey: Guid(788b51d0463fb5a4cbbe7fe3a9193951) Importer(815301076,1909f56bfc062723c751e8b465ee728b)
Start importing Assets/pics using Guid(788b51d0463fb5a4cbbe7fe3a9193951) Importer(815301076,1909f56bfc062723c751e8b465ee728b)  -> (artifact id: '716ff932f63511a5a99831b30e90bba3') in 0.009149 seconds 
========================================================================
Received Import Request.
  Time since last request: 6.799596 seconds.
  path: Assets/pics/xyf8jakb.bmp
  artifactKey: Guid(cd917725bec092245a5611356fa7cef6) Importer(815301076,1909f56bfc062723c751e8b465ee728b)
Start importing Assets/pics/xyf8jakb.bmp using Guid(cd917725bec092245a5611356fa7cef6) Importer(815301076,1909f56bfc062723c751e8b465ee728b)  -> (artifact id: '967a0d6bca95eee93ca35aeba8e6d038') in 0.108503 seconds 
========================================================================
Received Import Request.
  Time since last request: 176.052942 seconds.
  path: Assets/pics/FourPillarsOriginal.png
  artifactKey: Guid(828428d183fb9474095812d9b4226084) Importer(815301076,1909f56bfc062723c751e8b465ee728b)
Start importing Assets/pics/FourPillarsOriginal.png using Guid(828428d183fb9474095812d9b4226084) Importer(815301076,1909f56bfc062723c751e8b465ee728b)  -> (artifact id: '2ec71cbb885aa856f18c1d6d46c7b93e') in 0.025882 seconds 
========================================================================
Received Import Request.
  Time since last request: 217.781934 seconds.
  path: Assets/pics/FourPillarsOriginal.png
  artifactKey: Guid(828428d183fb9474095812d9b4226084) Importer(815301076,1909f56bfc062723c751e8b465ee728b)
Start importing Assets/pics/FourPillarsOriginal.png using Guid(828428d183fb9474095812d9b4226084) Importer(815301076,1909f56bfc062723c751e8b465ee728b)  -> (artifact id: 'ece23bdf9c18e4ef2916df23244bff1f') in 0.176973 seconds 
========================================================================
Received Prepare
Registering precompiled user dll's ...
Registered in 0.028752 seconds.
Begin MonoManager ReloadAssembly
Symbol file LoadedFromMemory doesn't match image E:\Unity Projects\Programming-Theory-Repo\Programming Theory Project\Library\PackageCache\com.unity.visualscripting@1.7.8\Editor\VisualScripting.Core\Dependencies\YamlDotNet\Unity.VisualScripting.YamlDotNet.dll
Symbol file LoadedFromMemory doesn't match image E:\Unity Projects\Programming-Theory-Repo\Programming Theory Project\Library\PackageCache\com.unity.visualscripting@1.7.8\Editor\VisualScripting.Core\Dependencies\DotNetZip\Unity.VisualScripting.IonicZip.dll
Native extension for WindowsStandalone target not found
Native extension for WebGL target not found
Refreshing native plugins compatible for Editor in 1.10 ms, found 3 plugins.
Preloading 0 native plugins for Editor in 0.00 ms.
Mono: successfully reloaded assembly
- Completed reload, in  1.599 seconds
Domain Reload Profiling:
	ReloadAssembly (1600ms)
		BeginReloadAssembly (201ms)
			ExecutionOrderSort (0ms)
			DisableScriptedObjects (8ms)
			BackupInstance (0ms)
			ReleaseScriptingObjects (0ms)
			CreateAndSetChildDomain (47ms)
		EndReloadAssembly (1258ms)
			LoadAssemblies (140ms)
			RebuildTransferFunctionScriptingTraits (0ms)
			SetupTypeCache (423ms)
			ReleaseScriptCaches (1ms)
			RebuildScriptCaches (81ms)
			SetupLoadedEditorAssemblies (516ms)
				LogAssemblyErrors (0ms)
				InitializePlatformSupportModulesInManaged (26ms)
				SetLoadedEditorAssemblies (1ms)
				RefreshPlugins (1ms)
				BeforeProcessingInitializeOnLoad (98ms)
				ProcessInitializeOnLoadAttributes (331ms)
				ProcessInitializeOnLoadMethodAttributes (51ms)
				AfterProcessingInitializeOnLoad (7ms)
				EditorAssembliesLoaded (0ms)
			ExecutionOrderSort2 (0ms)
			AwakeInstancesAfterBackupRestoration (13ms)
Platform modules already initialized, skipping
Refreshing native plugins compatible for Editor in 2.44 ms, found 3 plugins.
Preloading 0 native plugins for Editor in 0.00 ms.
Unloading 3391 Unused Serialized files (Serialized files now loaded: 0)
Unloading 35 unused Assets / (5.7 MB). Loaded Objects now: 3863.
Memory consumption went from 141.6 MB to 135.9 MB.
Total: 7.034600 ms (FindLiveObjects: 0.297800 ms CreateObjectMapping: 0.257100 ms MarkObjects: 3.268300 ms  DeleteObjects: 3.209800 ms)

AssetImportParameters requested are different than current active one (requested -> active):
  custom:video-decoder-ogg-theora: a1e56fd34408186e4bbccfd4996cb3dc -> 
  custom:container-muxer-webm: aa71ff27fc2769a1b78a27578f13a17b -> 
  custom:container-demuxer-webm: 4f35f7cbe854078d1ac9338744f61a02 -> 
  custom:video-encoder-webm-vp8: eb34c28f22e8b96e1ab97ce403110664 -> 
  custom:audio-encoder-webm-vorbis: bf7c407c2cedff20999df2af8eb42d56 -> 
  custom:framework-win-MediaFoundation: 216162199b28c13a410421893ffa2e32 -> 
  custom:container-demuxer-ogg: 62fdf1f143b41e24485cea50d1cbac27 -> 
  custom:video-decoder-webm-vp8: 9c59270c3fd7afecdb556c50c9e8de78 -> 
  custom:audio-decoder-ogg-vorbis: bf7c407c2cedff20999df2af8eb42d56 -> 
========================================================================
Received Import Request.
  Time since last request: 778.103000 seconds.
  path: Assets/Polyart/PolyartStudio/Shaders/Dreamscape_Masked_Lit.shader
  artifactKey: Guid(09acca735931207469ebf2183e339e6a) Importer(815301076,1909f56bfc062723c751e8b465ee728b)
Start importing Assets/Polyart/PolyartStudio/Shaders/Dreamscape_Masked_Lit.shader using Guid(09acca735931207469ebf2183e339e6a) Importer(815301076,1909f56bfc062723c751e8b465ee728b)  -> (artifact id: '2799c1c157f36bc6fc3282fea2a50c6a') in 0.033255 seconds 
========================================================================
Received Import Request.
  Time since last request: 0.599279 seconds.
  path: Assets/Polyart/PolyartStudio/Shaders/Dreamscape_Surface.shader
  artifactKey: Guid(92a542d49c0d1d0478c243e758b81084) Importer(815301076,1909f56bfc062723c751e8b465ee728b)
Start importing Assets/Polyart/PolyartStudio/Shaders/Dreamscape_Surface.shader using Guid(92a542d49c0d1d0478c243e758b81084) Importer(815301076,1909f56bfc062723c751e8b465ee728b)  -> (artifact id: 'dc0ca2b244a4368964db471960a4329a') in 0.011464 seconds 
========================================================================
Received Import Request.
  Time since last request: 1.795271 seconds.
  path: Assets/Polyart/PolyartStudio/Shaders/Dreamscape_Surface_Coverage.shader
  artifactKey: Guid(9e462be833276004095a6c0ca5194f33) Importer(815301076,1909f56bfc062723c751e8b465ee728b)
Start importing Assets/Polyart/PolyartStudio/Shaders/Dreamscape_Surface_Coverage.shader using Guid(9e462be833276004095a6c0ca5194f33) Importer(815301076,1909f56bfc062723c751e8b465ee728b)  -> (artifact id: '43a24129d21b8652edd09a1faad148c4') in 0.009785 seconds 
========================================================================
Received Import Request.
  Time since last request: 0.437484 seconds.
  path: Assets/Polyart/PolyartStudio/Shaders/Dreamscape_Surface_WorldAligned.shader
  artifactKey: Guid(7b53dfc52477f5d478042ebb94c002fc) Importer(815301076,1909f56bfc062723c751e8b465ee728b)
Start importing Assets/Polyart/PolyartStudio/Shaders/Dreamscape_Surface_WorldAligned.shader using Guid(7b53dfc52477f5d478042ebb94c002fc) Importer(815301076,1909f56bfc062723c751e8b465ee728b)  -> (artifact id: '2809a7562f7d566388a3e15945db631c') in 0.009064 seconds 
========================================================================
Received Import Request.
  Time since last request: 55.780083 seconds.
  path: Assets/Polyart/PolyartStudio/Shaders
  artifactKey: Guid(255fca9b9a01890468e6112499920b10) Importer(815301076,1909f56bfc062723c751e8b465ee728b)
Start importing Assets/Polyart/PolyartStudio/Shaders using Guid(255fca9b9a01890468e6112499920b10) Importer(815301076,1909f56bfc062723c751e8b465ee728b)  -> (artifact id: '495416815931416968f5e072bbfecac0') in 0.013845 seconds 
========================================================================
Received Import Request.
  Time since last request: 1.844423 seconds.
  path: Assets/Polyart/PolyartStudio/Shaders/Dreamscape_FoliageBillboard.shader
  artifactKey: Guid(b28029cc52e10a0419b31f0b9b1bbc2d) Importer(815301076,1909f56bfc062723c751e8b465ee728b)
Start importing Assets/Polyart/PolyartStudio/Shaders/Dreamscape_FoliageBillboard.shader using Guid(b28029cc52e10a0419b31f0b9b1bbc2d) Importer(815301076,1909f56bfc062723c751e8b465ee728b)  -> (artifact id: 'efacb33663ee112fdd576a351c4eeab5') in 0.014806 seconds 
========================================================================
Received Import Request.
  Time since last request: 0.946653 seconds.
  path: Assets/Polyart/PolyartStudio/Shaders/Dreamscape_Grass.shader
  artifactKey: Guid(9f6cf5b484f74e14596c9f39e21a0e3c) Importer(815301076,1909f56bfc062723c751e8b465ee728b)
Start importing Assets/Polyart/PolyartStudio/Shaders/Dreamscape_Grass.shader using Guid(9f6cf5b484f74e14596c9f39e21a0e3c) Importer(815301076,1909f56bfc062723c751e8b465ee728b)  -> (artifact id: '952c5b2af26b734380b26b936e266b90') in 0.010075 seconds 
========================================================================
Received Import Request.
  Time since last request: 113.131080 seconds.
  path: Assets/Polyart/PolyartStudio
  artifactKey: Guid(981026b94813d24479c8616e6f910ae0) Importer(815301076,1909f56bfc062723c751e8b465ee728b)
Start importing Assets/Polyart/PolyartStudio using Guid(981026b94813d24479c8616e6f910ae0) Importer(815301076,1909f56bfc062723c751e8b465ee728b)  -> (artifact id: '219c7aa4727bc9443867c68583e83ac4') in 0.008054 seconds 
========================================================================
Received Import Request.
  Time since last request: 3.405251 seconds.
  path: Assets/Polyart/PolyartStudio/Utility
  artifactKey: Guid(68e2f49e40633fa4a87b205cb4b3b711) Importer(815301076,1909f56bfc062723c751e8b465ee728b)
Start importing Assets/Polyart/PolyartStudio/Utility using Guid(68e2f49e40633fa4a87b205cb4b3b711) Importer(815301076,1909f56bfc062723c751e8b465ee728b)  -> (artifact id: '3b03c879b7d419dccd387ab682f72238') in 0.009631 seconds 
========================================================================
Received Import Request.
  Time since last request: 15.432075 seconds.
  path: Assets/Polyart/PolyartStudio/DreamscapeMeadows/Scenes
  artifactKey: Guid(e85dd318eea109649a64c29aee40bf6c) Importer(815301076,1909f56bfc062723c751e8b465ee728b)
Start importing Assets/Polyart/PolyartStudio/DreamscapeMeadows/Scenes using Guid(e85dd318eea109649a64c29aee40bf6c) Importer(815301076,1909f56bfc062723c751e8b465ee728b)  -> (artifact id: '8a894533387ebc09996197bd6df544bb') in 0.008110 seconds 
========================================================================
Received Import Request.
  Time since last request: 4.415377 seconds.
  path: Assets/Polyart/PolyartStudio/DreamscapeMeadows/Scenes/Demo.unity
  artifactKey: Guid(c955e02741ea51045828cd5cf1d842e9) Importer(815301076,1909f56bfc062723c751e8b465ee728b)
Start importing Assets/Polyart/PolyartStudio/DreamscapeMeadows/Scenes/Demo.unity using Guid(c955e02741ea51045828cd5cf1d842e9) Importer(815301076,1909f56bfc062723c751e8b465ee728b)  -> (artifact id: 'e7a958da87961be84f6db03d08affdda') in 0.008990 seconds 
========================================================================
Received Prepare
Registering precompiled user dll's ...
Registered in 0.009853 seconds.
Begin MonoManager ReloadAssembly
Symbol file LoadedFromMemory doesn't match image E:\Unity Projects\Programming-Theory-Repo\Programming Theory Project\Library\PackageCache\com.unity.visualscripting@1.7.8\Editor\VisualScripting.Core\Dependencies\YamlDotNet\Unity.VisualScripting.YamlDotNet.dll
Symbol file LoadedFromMemory doesn't match image E:\Unity Projects\Programming-Theory-Repo\Programming Theory Project\Library\PackageCache\com.unity.visualscripting@1.7.8\Editor\VisualScripting.Core\Dependencies\DotNetZip\Unity.VisualScripting.IonicZip.dll
Native extension for WindowsStandalone target not found
Native extension for WebGL target not found
Refreshing native plugins compatible for Editor in 1.01 ms, found 3 plugins.
Preloading 0 native plugins for Editor in 0.00 ms.
Mono: successfully reloaded assembly
- Completed reload, in  3.123 seconds
Domain Reload Profiling:
	ReloadAssembly (3124ms)
		BeginReloadAssembly (185ms)
			ExecutionOrderSort (0ms)
			DisableScriptedObjects (9ms)
			BackupInstance (0ms)
			ReleaseScriptingObjects (0ms)
			CreateAndSetChildDomain (43ms)
		EndReloadAssembly (2807ms)
			LoadAssemblies (146ms)
			RebuildTransferFunctionScriptingTraits (0ms)
			SetupTypeCache (1269ms)
			ReleaseScriptCaches (7ms)
			RebuildScriptCaches (164ms)
			SetupLoadedEditorAssemblies (642ms)
				LogAssemblyErrors (0ms)
				InitializePlatformSupportModulesInManaged (37ms)
				SetLoadedEditorAssemblies (1ms)
				RefreshPlugins (2ms)
				BeforeProcessingInitializeOnLoad (127ms)
				ProcessInitializeOnLoadAttributes (414ms)
				ProcessInitializeOnLoadMethodAttributes (51ms)
				AfterProcessingInitializeOnLoad (9ms)
				EditorAssembliesLoaded (0ms)
			ExecutionOrderSort2 (0ms)
			AwakeInstancesAfterBackupRestoration (13ms)
Platform modules already initialized, skipping
Refreshing native plugins compatible for Editor in 3.26 ms, found 3 plugins.
Preloading 0 native plugins for Editor in 0.00 ms.
Unloading 3391 Unused Serialized files (Serialized files now loaded: 0)
Unloading 35 unused Assets / (5.7 MB). Loaded Objects now: 3866.
Memory consumption went from 141.7 MB to 136.0 MB.
Total: 7.832000 ms (FindLiveObjects: 0.331200 ms CreateObjectMapping: 0.276200 ms MarkObjects: 3.920800 ms  DeleteObjects: 3.301700 ms)

AssetImportParameters requested are different than current active one (requested -> active):
  custom:video-decoder-ogg-theora: a1e56fd34408186e4bbccfd4996cb3dc -> 
  custom:container-muxer-webm: aa71ff27fc2769a1b78a27578f13a17b -> 
  custom:container-demuxer-webm: 4f35f7cbe854078d1ac9338744f61a02 -> 
  custom:video-encoder-webm-vp8: eb34c28f22e8b96e1ab97ce403110664 -> 
  custom:audio-encoder-webm-vorbis: bf7c407c2cedff20999df2af8eb42d56 -> 
  custom:framework-win-MediaFoundation: 216162199b28c13a410421893ffa2e32 -> 
  custom:container-demuxer-ogg: 62fdf1f143b41e24485cea50d1cbac27 -> 
  custom:video-decoder-webm-vp8: 9c59270c3fd7afecdb556c50c9e8de78 -> 
  custom:audio-decoder-ogg-vorbis: bf7c407c2cedff20999df2af8eb42d56 -> 
========================================================================
Received Import Request.
  Time since last request: 129.364765 seconds.
  path: Assets/Polyart/PolyartStudio/DreamscapeMeadows/DreamscapeMeadows_SRP_Base_2020_LTS.unitypackage
  artifactKey: Guid(11b058cf3bdab1a469096c801d1e6d2b) Importer(815301076,1909f56bfc062723c751e8b465ee728b)
Start importing Assets/Polyart/PolyartStudio/DreamscapeMeadows/DreamscapeMeadows_SRP_Base_2020_LTS.unitypackage using Guid(11b058cf3bdab1a469096c801d1e6d2b) Importer(815301076,1909f56bfc062723c751e8b465ee728b)  -> (artifact id: 'fc641a30a474541f155dfc9760a1e312') in 0.048405 seconds 
========================================================================
Received Import Request.
  Time since last request: 0.921977 seconds.
  path: Assets/Polyart/PolyartStudio/DreamscapeMeadows/DreamscapeMeadows_SRP_NatureRenderer_2020_LTS.unitypackage
  artifactKey: Guid(cb26147f5c23b2041970297abae92df2) Importer(815301076,1909f56bfc062723c751e8b465ee728b)
Start importing Assets/Polyart/PolyartStudio/DreamscapeMeadows/DreamscapeMeadows_SRP_NatureRenderer_2020_LTS.unitypackage using Guid(cb26147f5c23b2041970297abae92df2) Importer(815301076,1909f56bfc062723c751e8b465ee728b)  -> (artifact id: '05c1b58a8d832097681416a8dcec0c1b') in 0.015755 seconds 
========================================================================
Received Import Request.
  Time since last request: 11.744833 seconds.
  path: Assets/Polyart/PolyartStudio/DreamscapeMeadows/Scenes/Showcase.unity
  artifactKey: Guid(63736ee8bd414624399a91a83fac90a0) Importer(815301076,1909f56bfc062723c751e8b465ee728b)
Start importing Assets/Polyart/PolyartStudio/DreamscapeMeadows/Scenes/Showcase.unity using Guid(63736ee8bd414624399a91a83fac90a0) Importer(815301076,1909f56bfc062723c751e8b465ee728b)  -> (artifact id: '2c610995c055fe6abe81a89450a100ac') in 0.014772 seconds 
========================================================================
Received Prepare
Registering precompiled user dll's ...
Registered in 0.009692 seconds.
Begin MonoManager ReloadAssembly
Symbol file LoadedFromMemory doesn't match image E:\Unity Projects\Programming-Theory-Repo\Programming Theory Project\Library\PackageCache\com.unity.visualscripting@1.7.8\Editor\VisualScripting.Core\Dependencies\YamlDotNet\Unity.VisualScripting.YamlDotNet.dll
Symbol file LoadedFromMemory doesn't match image E:\Unity Projects\Programming-Theory-Repo\Programming Theory Project\Library\PackageCache\com.unity.visualscripting@1.7.8\Editor\VisualScripting.Core\Dependencies\DotNetZip\Unity.VisualScripting.IonicZip.dll
Native extension for WindowsStandalone target not found
Native extension for WebGL target not found
Refreshing native plugins compatible for Editor in 0.84 ms, found 3 plugins.
Preloading 0 native plugins for Editor in 0.00 ms.
Mono: successfully reloaded assembly
- Completed reload, in  1.457 seconds
Domain Reload Profiling:
	ReloadAssembly (1458ms)
		BeginReloadAssembly (176ms)
			ExecutionOrderSort (0ms)
			DisableScriptedObjects (8ms)
			BackupInstance (0ms)
			ReleaseScriptingObjects (0ms)
			CreateAndSetChildDomain (45ms)
		EndReloadAssembly (1149ms)
			LoadAssemblies (118ms)
			RebuildTransferFunctionScriptingTraits (0ms)
			SetupTypeCache (375ms)
			ReleaseScriptCaches (2ms)
			RebuildScriptCaches (66ms)
			SetupLoadedEditorAssemblies (528ms)
				LogAssemblyErrors (0ms)
				InitializePlatformSupportModulesInManaged (36ms)
				SetLoadedEditorAssemblies (1ms)
				RefreshPlugins (1ms)
				BeforeProcessingInitializeOnLoad (102ms)
				ProcessInitializeOnLoadAttributes (337ms)
				ProcessInitializeOnLoadMethodAttributes (42ms)
				AfterProcessingInitializeOnLoad (9ms)
				EditorAssembliesLoaded (0ms)
			ExecutionOrderSort2 (0ms)
			AwakeInstancesAfterBackupRestoration (10ms)
Platform modules already initialized, skipping
Refreshing native plugins compatible for Editor in 2.29 ms, found 3 plugins.
Preloading 0 native plugins for Editor in 0.00 ms.
Unloading 3391 Unused Serialized files (Serialized files now loaded: 0)
Unloading 35 unused Assets / (5.7 MB). Loaded Objects now: 3870.
Memory consumption went from 142.3 MB to 136.6 MB.
Total: 7.571600 ms (FindLiveObjects: 0.439000 ms CreateObjectMapping: 0.335600 ms MarkObjects: 4.206900 ms  DeleteObjects: 2.588200 ms)

AssetImportParameters requested are different than current active one (requested -> active):
  custom:video-decoder-ogg-theora: a1e56fd34408186e4bbccfd4996cb3dc -> 
  custom:container-muxer-webm: aa71ff27fc2769a1b78a27578f13a17b -> 
  custom:container-demuxer-webm: 4f35f7cbe854078d1ac9338744f61a02 -> 
  custom:video-encoder-webm-vp8: eb34c28f22e8b96e1ab97ce403110664 -> 
  custom:audio-encoder-webm-vorbis: bf7c407c2cedff20999df2af8eb42d56 -> 
  custom:framework-win-MediaFoundation: 216162199b28c13a410421893ffa2e32 -> 
  custom:container-demuxer-ogg: 62fdf1f143b41e24485cea50d1cbac27 -> 
  custom:video-decoder-webm-vp8: 9c59270c3fd7afecdb556c50c9e8de78 -> 
  custom:audio-decoder-ogg-vorbis: bf7c407c2cedff20999df2af8eb42d56 -> 
========================================================================
Received Import Request.
  Time since last request: 81.012978 seconds.
  path: Assets/Polyart/PolyartStudio/DreamscapeMeadows/Scenes/DemoTerrain.asset
  artifactKey: Guid(c4d723029d82b974e990639b3f4371f8) Importer(815301076,1909f56bfc062723c751e8b465ee728b)
Start importing Assets/Polyart/PolyartStudio/DreamscapeMeadows/Scenes/DemoTerrain.asset using Guid(c4d723029d82b974e990639b3f4371f8) Importer(815301076,1909f56bfc062723c751e8b465ee728b) The tree Prefab_Flower_02 must use the Nature/Soft Occlusion shader. Otherwise billboarding/lighting will not work correctly.
The tree Prefab_Flower_04 must use the Nature/Soft Occlusion shader. Otherwise billboarding/lighting will not work correctly.
The tree Prefab_Mushroom_02 must use the Nature/Soft Occlusion shader. Otherwise billboarding/lighting will not work correctly.
 -> (artifact id: '56246c54402dc8f62b746b2b6a214adf') in 0.774742 seconds 
========================================================================
Received Import Request.
  Time since last request: 57.777168 seconds.
  path: Assets/Polyart/PolyartStudio/DreamscapeMeadows/Prefabs/Grass/Prefab_Grass_01.prefab
  artifactKey: Guid(03070ba6403d29542b5be52960ab6214) Importer(815301076,1909f56bfc062723c751e8b465ee728b)
Start importing Assets/Polyart/PolyartStudio/DreamscapeMeadows/Prefabs/Grass/Prefab_Grass_01.prefab using Guid(03070ba6403d29542b5be52960ab6214) Importer(815301076,1909f56bfc062723c751e8b465ee728b)  -> (artifact id: '37744dd7dc2c2895683ed55e977a1bd6') in 0.522369 seconds 
========================================================================
Received Import Request.
  Time since last request: 0.289175 seconds.
  path: Assets/Polyart/PolyartStudio/DreamscapeMeadows/Prefabs/Grass/Prefab_Grass_02.prefab
  artifactKey: Guid(1f8b97ef7181ef145a4563be5cae4437) Importer(815301076,1909f56bfc062723c751e8b465ee728b)
Start importing Assets/Polyart/PolyartStudio/DreamscapeMeadows/Prefabs/Grass/Prefab_Grass_02.prefab using Guid(1f8b97ef7181ef145a4563be5cae4437) Importer(815301076,1909f56bfc062723c751e8b465ee728b)  -> (artifact id: '1bc08b9d5190d9c6fa3ca8222ff94f60') in 0.026898 seconds 
========================================================================
Received Import Request.
  Time since last request: 4.747565 seconds.
  path: Assets/Polyart/PolyartStudio/DreamscapeMeadows/Prefabs/Grass/Prefab_Grass_03.prefab
  artifactKey: Guid(0705a288beaec634f9c86420f3aa893a) Importer(815301076,1909f56bfc062723c751e8b465ee728b)
Start importing Assets/Polyart/PolyartStudio/DreamscapeMeadows/Prefabs/Grass/Prefab_Grass_03.prefab using Guid(0705a288beaec634f9c86420f3aa893a) Importer(815301076,1909f56bfc062723c751e8b465ee728b)  -> (artifact id: '6f71c0c8820b863f52896c5a26f2cde8') in 0.031537 seconds 
========================================================================
Received Import Request.
  Time since last request: 0.550851 seconds.
  path: Assets/Polyart/PolyartStudio/DreamscapeMeadows/Prefabs/Grass/Prefab_Grass_Basic_01.prefab
  artifactKey: Guid(f1e434588f51ff14e8241bedbba1108f) Importer(815301076,1909f56bfc062723c751e8b465ee728b)
Start importing Assets/Polyart/PolyartStudio/DreamscapeMeadows/Prefabs/Grass/Prefab_Grass_Basic_01.prefab using Guid(f1e434588f51ff14e8241bedbba1108f) Importer(815301076,1909f56bfc062723c751e8b465ee728b)  -> (artifact id: 'c9aedff4f8a0c45cec53733d4e0bc5a4') in 0.217456 seconds 
========================================================================
Received Import Request.
  Time since last request: 2.304158 seconds.
  path: Assets/Polyart/PolyartStudio/DreamscapeMeadows/Prefabs/Props/Prefab_Bench_01.prefab
  artifactKey: Guid(603dad0ae9cfd544991134db4a5533a1) Importer(815301076,1909f56bfc062723c751e8b465ee728b)
Start importing Assets/Polyart/PolyartStudio/DreamscapeMeadows/Prefabs/Props/Prefab_Bench_01.prefab using Guid(603dad0ae9cfd544991134db4a5533a1) Importer(815301076,1909f56bfc062723c751e8b465ee728b)  -> (artifact id: '6ef64d2c32c3dced7a1390889ac7a882') in 0.312295 seconds 
========================================================================
Received Import Request.
  Time since last request: 0.138303 seconds.
  path: Assets/Polyart/PolyartStudio/DreamscapeMeadows/Prefabs/Props/Prefab_Crate_01.prefab
  artifactKey: Guid(34d3153c8557afa4e8bf30b36d96f1c5) Importer(815301076,1909f56bfc062723c751e8b465ee728b)
Start importing Assets/Polyart/PolyartStudio/DreamscapeMeadows/Prefabs/Props/Prefab_Crate_01.prefab using Guid(34d3153c8557afa4e8bf30b36d96f1c5) Importer(815301076,1909f56bfc062723c751e8b465ee728b)  -> (artifact id: '4b895f026658234dd2ae90f9381770f9') in 0.038755 seconds 
========================================================================
Received Import Request.
  Time since last request: 3.380576 seconds.
  path: Assets/Polyart/PolyartStudio/DreamscapeMeadows/Prefabs/Trees
  artifactKey: Guid(9f913b93bb45af044b04f51645a2d97c) Importer(815301076,1909f56bfc062723c751e8b465ee728b)
Start importing Assets/Polyart/PolyartStudio/DreamscapeMeadows/Prefabs/Trees using Guid(9f913b93bb45af044b04f51645a2d97c) Importer(815301076,1909f56bfc062723c751e8b465ee728b)  -> (artifact id: 'e94baec44df45101579d7b1c80bd01b9') in 0.032469 seconds 
========================================================================
Received Import Request.
  Time since last request: 0.624700 seconds.
  path: Assets/Polyart/PolyartStudio/DreamscapeMeadows/Prefabs/Water
  artifactKey: Guid(eaa35873d1ed0bc4b8b121f04b13fa65) Importer(815301076,1909f56bfc062723c751e8b465ee728b)
Start importing Assets/Polyart/PolyartStudio/DreamscapeMeadows/Prefabs/Water using Guid(eaa35873d1ed0bc4b8b121f04b13fa65) Importer(815301076,1909f56bfc062723c751e8b465ee728b)  -> (artifact id: 'f8c3edf6efb3c90774af654d953ceff1') in 0.011303 seconds 
========================================================================
Received Import Request.
  Time since last request: 1.536402 seconds.
  path: Assets/Polyart/PolyartStudio/DreamscapeMeadows/Prefabs/Water/Prefab_Foam.prefab
  artifactKey: Guid(1241a5cb9aff2ac4588e2b413f071c55) Importer(815301076,1909f56bfc062723c751e8b465ee728b)
Start importing Assets/Polyart/PolyartStudio/DreamscapeMeadows/Prefabs/Water/Prefab_Foam.prefab using Guid(1241a5cb9aff2ac4588e2b413f071c55) Importer(815301076,1909f56bfc062723c751e8b465ee728b)  -> (artifact id: 'ccd7a2470017ee7c27020982461b8256') in 0.286489 seconds 
========================================================================
Received Import Request.
  Time since last request: 2.332383 seconds.
  path: Assets/Polyart/PolyartStudio/DreamscapeMeadows/Prefabs/Water/Prefab_FoamVolumetric.prefab
  artifactKey: Guid(05c711fdd119cc547b4031fefdcbd817) Importer(815301076,1909f56bfc062723c751e8b465ee728b)
Start importing Assets/Polyart/PolyartStudio/DreamscapeMeadows/Prefabs/Water/Prefab_FoamVolumetric.prefab using Guid(05c711fdd119cc547b4031fefdcbd817) Importer(815301076,1909f56bfc062723c751e8b465ee728b)  -> (artifact id: '6f5b5d14f9c5157a3cf193f49aafd3e6') in 0.281352 seconds 
========================================================================
Received Import Request.
  Time since last request: 10.314004 seconds.
  path: Assets/Polyart/PolyartStudio/DreamscapeMeadows/Readme.pdf
  artifactKey: Guid(8b2a2d6c2f9a20940ba06c540a403ac1) Importer(815301076,1909f56bfc062723c751e8b465ee728b)
Start importing Assets/Polyart/PolyartStudio/DreamscapeMeadows/Readme.pdf using Guid(8b2a2d6c2f9a20940ba06c540a403ac1) Importer(815301076,1909f56bfc062723c751e8b465ee728b)  -> (artifact id: 'e7b4939baf12908b7de466fba980f277') in 0.022231 seconds 
========================================================================
Received Prepare
Refreshing native plugins compatible for Editor in 5.06 ms, found 3 plugins.
Preloading 0 native plugins for Editor in 0.00 ms.
Unloading 35 Unused Serialized files (Serialized files now loaded: 0)
Unloading 30 unused Assets / (3.7 MB). Loaded Objects now: 3880.
Memory consumption went from 75.7 MB to 72.0 MB.
Total: 5.400600 ms (FindLiveObjects: 0.296800 ms CreateObjectMapping: 0.135400 ms MarkObjects: 3.478200 ms  DeleteObjects: 1.489100 ms)

AssetImportParameters requested are different than current active one (requested -> active):
  colorSpace: 1 -> 0
  custom:video-decoder-ogg-theora: a1e56fd34408186e4bbccfd4996cb3dc -> 
  custom:container-muxer-webm: aa71ff27fc2769a1b78a27578f13a17b -> 
  custom:container-demuxer-webm: 4f35f7cbe854078d1ac9338744f61a02 -> 
  custom:video-encoder-webm-vp8: eb34c28f22e8b96e1ab97ce403110664 -> 
  custom:audio-encoder-webm-vorbis: bf7c407c2cedff20999df2af8eb42d56 -> 
  custom:framework-win-MediaFoundation: 216162199b28c13a410421893ffa2e32 -> 
  custom:container-demuxer-ogg: 62fdf1f143b41e24485cea50d1cbac27 -> 
  custom:video-decoder-webm-vp8: 9c59270c3fd7afecdb556c50c9e8de78 -> 
  custom:graphics/active-color-space: 03000000000000000000000000000000 -> 02000000000000000000000000000000
  custom:audio-decoder-ogg-vorbis: bf7c407c2cedff20999df2af8eb42d56 -> 
========================================================================
Received Prepare
Registering precompiled user dll's ...
Registered in 0.028433 seconds.
Begin MonoManager ReloadAssembly
Symbol file LoadedFromMemory doesn't match image E:\Unity Projects\Programming-Theory-Repo\Programming Theory Project\Library\PackageCache\com.unity.visualscripting@1.7.8\Editor\VisualScripting.Core\Dependencies\YamlDotNet\Unity.VisualScripting.YamlDotNet.dll
Symbol file LoadedFromMemory doesn't match image E:\Unity Projects\Programming-Theory-Repo\Programming Theory Project\Library\PackageCache\com.unity.visualscripting@1.7.8\Editor\VisualScripting.Core\Dependencies\DotNetZip\Unity.VisualScripting.IonicZip.dll
Native extension for WindowsStandalone target not found
Native extension for WebGL target not found
Refreshing native plugins compatible for Editor in 0.82 ms, found 3 plugins.
Preloading 0 native plugins for Editor in 0.00 ms.
[ScriptCompilation] NOT recompiling all scripts because this is an import worker process. Reason to compile was: Define symbols changed
Mono: successfully reloaded assembly
- Completed reload, in  1.764 seconds
Domain Reload Profiling:
	ReloadAssembly (1769ms)
		BeginReloadAssembly (172ms)
			ExecutionOrderSort (0ms)
			DisableScriptedObjects (7ms)
			BackupInstance (0ms)
			ReleaseScriptingObjects (0ms)
			CreateAndSetChildDomain (43ms)
		EndReloadAssembly (1469ms)
			LoadAssemblies (117ms)
			RebuildTransferFunctionScriptingTraits (0ms)
			SetupTypeCache (404ms)
			ReleaseScriptCaches (2ms)
			RebuildScriptCaches (60ms)
			SetupLoadedEditorAssemblies (658ms)
				LogAssemblyErrors (0ms)
				InitializePlatformSupportModulesInManaged (18ms)
				SetLoadedEditorAssemblies (1ms)
				RefreshPlugins (1ms)
				BeforeProcessingInitializeOnLoad (98ms)
				ProcessInitializeOnLoadAttributes (378ms)
				ProcessInitializeOnLoadMethodAttributes (135ms)
				AfterProcessingInitializeOnLoad (26ms)
				EditorAssembliesLoaded (1ms)
			ExecutionOrderSort2 (0ms)
			AwakeInstancesAfterBackupRestoration (42ms)
Platform modules already initialized, skipping
Refreshing native plugins compatible for Editor in 5.26 ms, found 3 plugins.
Preloading 0 native plugins for Editor in 0.00 ms.
Unloading 3519 Unused Serialized files (Serialized files now loaded: 0)
Unloading 69 unused Assets / (6.8 MB). Loaded Objects now: 3976.
Memory consumption went from 152.6 MB to 145.7 MB.
Total: 17.696600 ms (FindLiveObjects: 0.656000 ms CreateObjectMapping: 0.706000 ms MarkObjects: 8.761100 ms  DeleteObjects: 7.571300 ms)

AssetImportParameters requested are different than current active one (requested -> active):
  colorSpace: 1 -> 0
  custom:video-decoder-ogg-theora: a1e56fd34408186e4bbccfd4996cb3dc -> 
  custom:container-muxer-webm: aa71ff27fc2769a1b78a27578f13a17b -> 
  custom:container-demuxer-webm: 4f35f7cbe854078d1ac9338744f61a02 -> 
  custom:video-encoder-webm-vp8: eb34c28f22e8b96e1ab97ce403110664 -> 
  custom:audio-encoder-webm-vorbis: bf7c407c2cedff20999df2af8eb42d56 -> 
  custom:framework-win-MediaFoundation: 216162199b28c13a410421893ffa2e32 -> 
  custom:container-demuxer-ogg: 62fdf1f143b41e24485cea50d1cbac27 -> 
  custom:video-decoder-webm-vp8: 9c59270c3fd7afecdb556c50c9e8de78 -> 
  custom:graphics/active-color-space: 03000000000000000000000000000000 -> 02000000000000000000000000000000
  custom:audio-decoder-ogg-vorbis: bf7c407c2cedff20999df2af8eb42d56 -> 
========================================================================
Received Import Request.
  Time since last request: 286.853507 seconds.
  path: Assets/Polyart/PolyartStudio/DreamscapeMeadows/Scenes/PP_Setting.asset
  artifactKey: Guid(f67da3acb578c1e4eb1ad771c2714a39) Importer(815301076,1909f56bfc062723c751e8b465ee728b)
Start importing Assets/Polyart/PolyartStudio/DreamscapeMeadows/Scenes/PP_Setting.asset using Guid(f67da3acb578c1e4eb1ad771c2714a39) Importer(815301076,1909f56bfc062723c751e8b465ee728b)  -> (artifact id: 'c04699a842d21723d6e6d9a5246f38f0') in 0.052769 seconds 
========================================================================
Received Import Request.
  Time since last request: 157.563011 seconds.
  path: Assets/Polyart/PolyartStudio/DreamscapeMeadows/DreamscapeMeadows_URP_Base_2020_LTS.unitypackage
  artifactKey: Guid(547692c3e4ed66b4aa23e8eda544c524) Importer(815301076,1909f56bfc062723c751e8b465ee728b)
Start importing Assets/Polyart/PolyartStudio/DreamscapeMeadows/DreamscapeMeadows_URP_Base_2020_LTS.unitypackage using Guid(547692c3e4ed66b4aa23e8eda544c524) Importer(815301076,1909f56bfc062723c751e8b465ee728b)  -> (artifact id: '172b563ce5d03e7e6f4fcde2a2b0d4ea') in 0.016002 seconds 
========================================================================
Received Prepare
Registering precompiled user dll's ...
Registered in 0.009150 seconds.
Begin MonoManager ReloadAssembly
Symbol file LoadedFromMemory doesn't match image E:\Unity Projects\Programming-Theory-Repo\Programming Theory Project\Library\PackageCache\com.unity.visualscripting@1.7.8\Editor\VisualScripting.Core\Dependencies\YamlDotNet\Unity.VisualScripting.YamlDotNet.dll
Symbol file LoadedFromMemory doesn't match image E:\Unity Projects\Programming-Theory-Repo\Programming Theory Project\Library\PackageCache\com.unity.visualscripting@1.7.8\Editor\VisualScripting.Core\Dependencies\DotNetZip\Unity.VisualScripting.IonicZip.dll
Native extension for WindowsStandalone target not found
Native extension for WebGL target not found
Refreshing native plugins compatible for Editor in 1.61 ms, found 3 plugins.
Preloading 0 native plugins for Editor in 0.00 ms.
[ScriptCompilation] NOT recompiling all scripts because this is an import worker process. Reason to compile was: Define symbols changed
Mono: successfully reloaded assembly
- Completed reload, in  3.259 seconds
Domain Reload Profiling:
	ReloadAssembly (3260ms)
		BeginReloadAssembly (182ms)
			ExecutionOrderSort (0ms)
			DisableScriptedObjects (8ms)
			BackupInstance (0ms)
			ReleaseScriptingObjects (0ms)
			CreateAndSetChildDomain (46ms)
		EndReloadAssembly (2947ms)
			LoadAssemblies (123ms)
			RebuildTransferFunctionScriptingTraits (0ms)
			SetupTypeCache (979ms)
			ReleaseScriptCaches (2ms)
			RebuildScriptCaches (74ms)
			SetupLoadedEditorAssemblies (910ms)
				LogAssemblyErrors (0ms)
				InitializePlatformSupportModulesInManaged (64ms)
				SetLoadedEditorAssemblies (1ms)
				RefreshPlugins (2ms)
				BeforeProcessingInitializeOnLoad (178ms)
				ProcessInitializeOnLoadAttributes (607ms)
				ProcessInitializeOnLoadMethodAttributes (49ms)
				AfterProcessingInitializeOnLoad (8ms)
				EditorAssembliesLoaded (0ms)
			ExecutionOrderSort2 (0ms)
			AwakeInstancesAfterBackupRestoration (12ms)
Platform modules already initialized, skipping
Refreshing native plugins compatible for Editor in 2.30 ms, found 3 plugins.
Preloading 0 native plugins for Editor in 0.00 ms.
Unloading 3519 Unused Serialized files (Serialized files now loaded: 0)
Unloading 69 unused Assets / (6.8 MB). Loaded Objects now: 3979.
Memory consumption went from 152.6 MB to 145.7 MB.
Total: 6.513400 ms (FindLiveObjects: 0.392000 ms CreateObjectMapping: 0.154500 ms MarkObjects: 3.185400 ms  DeleteObjects: 2.779900 ms)

AssetImportParameters requested are different than current active one (requested -> active):
  colorSpace: 1 -> 0
  custom:video-decoder-ogg-theora: a1e56fd34408186e4bbccfd4996cb3dc -> 
  custom:container-muxer-webm: aa71ff27fc2769a1b78a27578f13a17b -> 
  custom:container-demuxer-webm: 4f35f7cbe854078d1ac9338744f61a02 -> 
  custom:video-encoder-webm-vp8: eb34c28f22e8b96e1ab97ce403110664 -> 
  custom:audio-encoder-webm-vorbis: bf7c407c2cedff20999df2af8eb42d56 -> 
  custom:framework-win-MediaFoundation: 216162199b28c13a410421893ffa2e32 -> 
  custom:container-demuxer-ogg: 62fdf1f143b41e24485cea50d1cbac27 -> 
  custom:video-decoder-webm-vp8: 9c59270c3fd7afecdb556c50c9e8de78 -> 
  custom:graphics/active-color-space: 03000000000000000000000000000000 -> 02000000000000000000000000000000
  custom:audio-decoder-ogg-vorbis: bf7c407c2cedff20999df2af8eb42d56 -> 
========================================================================
Received Prepare
Registering precompiled user dll's ...
Registered in 0.009529 seconds.
Begin MonoManager ReloadAssembly
Symbol file LoadedFromMemory doesn't match image E:\Unity Projects\Programming-Theory-Repo\Programming Theory Project\Library\PackageCache\com.unity.visualscripting@1.7.8\Editor\VisualScripting.Core\Dependencies\YamlDotNet\Unity.VisualScripting.YamlDotNet.dll
Symbol file LoadedFromMemory doesn't match image E:\Unity Projects\Programming-Theory-Repo\Programming Theory Project\Library\PackageCache\com.unity.visualscripting@1.7.8\Editor\VisualScripting.Core\Dependencies\DotNetZip\Unity.VisualScripting.IonicZip.dll
Native extension for WindowsStandalone target not found
Native extension for WebGL target not found
Refreshing native plugins compatible for Editor in 0.83 ms, found 3 plugins.
Preloading 0 native plugins for Editor in 0.00 ms.
[ScriptCompilation] NOT recompiling all scripts because this is an import worker process. Reason to compile was: Define symbols changed
Mono: successfully reloaded assembly
- Completed reload, in  1.582 seconds
Domain Reload Profiling:
	ReloadAssembly (1583ms)
		BeginReloadAssembly (182ms)
			ExecutionOrderSort (0ms)
			DisableScriptedObjects (8ms)
			BackupInstance (0ms)
			ReleaseScriptingObjects (0ms)
			CreateAndSetChildDomain (43ms)
		EndReloadAssembly (1271ms)
			LoadAssemblies (128ms)
			RebuildTransferFunctionScriptingTraits (0ms)
			SetupTypeCache (424ms)
			ReleaseScriptCaches (2ms)
			RebuildScriptCaches (93ms)
			SetupLoadedEditorAssemblies (567ms)
				LogAssemblyErrors (0ms)
				InitializePlatformSupportModulesInManaged (18ms)
				SetLoadedEditorAssemblies (1ms)
				RefreshPlugins (1ms)
				BeforeProcessingInitializeOnLoad (98ms)
				ProcessInitializeOnLoadAttributes (400ms)
				ProcessInitializeOnLoadMethodAttributes (43ms)
				AfterProcessingInitializeOnLoad (7ms)
				EditorAssembliesLoaded (0ms)
			ExecutionOrderSort2 (0ms)
			AwakeInstancesAfterBackupRestoration (11ms)
Platform modules already initialized, skipping
Refreshing native plugins compatible for Editor in 2.77 ms, found 3 plugins.
Preloading 0 native plugins for Editor in 0.00 ms.
Unloading 3519 Unused Serialized files (Serialized files now loaded: 0)
Unloading 69 unused Assets / (6.8 MB). Loaded Objects now: 3982.
Memory consumption went from 152.6 MB to 145.8 MB.
Total: 6.868500 ms (FindLiveObjects: 0.297900 ms CreateObjectMapping: 0.131800 ms MarkObjects: 3.431400 ms  DeleteObjects: 3.005800 ms)

AssetImportParameters requested are different than current active one (requested -> active):
  colorSpace: 1 -> 0
  custom:video-decoder-ogg-theora: a1e56fd34408186e4bbccfd4996cb3dc -> 
  custom:container-muxer-webm: aa71ff27fc2769a1b78a27578f13a17b -> 
  custom:container-demuxer-webm: 4f35f7cbe854078d1ac9338744f61a02 -> 
  custom:video-encoder-webm-vp8: eb34c28f22e8b96e1ab97ce403110664 -> 
  custom:audio-encoder-webm-vorbis: bf7c407c2cedff20999df2af8eb42d56 -> 
  custom:framework-win-MediaFoundation: 216162199b28c13a410421893ffa2e32 -> 
  custom:container-demuxer-ogg: 62fdf1f143b41e24485cea50d1cbac27 -> 
  custom:video-decoder-webm-vp8: 9c59270c3fd7afecdb556c50c9e8de78 -> 
  custom:graphics/active-color-space: 03000000000000000000000000000000 -> 02000000000000000000000000000000
  custom:audio-decoder-ogg-vorbis: bf7c407c2cedff20999df2af8eb42d56 -> 
========================================================================
Received Import Request.
  Time since last request: 310.730820 seconds.
  path: Assets/Polyart/PolyartStudio/DreamscapeMeadows/Prefabs/Terrain/Prefab_Terrain_01.prefab
  artifactKey: Guid(4fe912d12d4c7d447823fbaf2a08909e) Importer(815301076,1909f56bfc062723c751e8b465ee728b)
Start importing Assets/Polyart/PolyartStudio/DreamscapeMeadows/Prefabs/Terrain/Prefab_Terrain_01.prefab using Guid(4fe912d12d4c7d447823fbaf2a08909e) Importer(815301076,1909f56bfc062723c751e8b465ee728b)  -> (artifact id: '980add5189d2d62131027d68e457725b') in 0.487780 seconds 
========================================================================
Received Import Request.
  Time since last request: 5.702384 seconds.
  path: Assets/Polyart/PolyartStudio/DreamscapeMeadows/Prefabs/Terrain/Prefab_Terrain_02.prefab
  artifactKey: Guid(bf382aa0c9c7a3d49a0f8673764e7d76) Importer(815301076,1909f56bfc062723c751e8b465ee728b)
Start importing Assets/Polyart/PolyartStudio/DreamscapeMeadows/Prefabs/Terrain/Prefab_Terrain_02.prefab using Guid(bf382aa0c9c7a3d49a0f8673764e7d76) Importer(815301076,1909f56bfc062723c751e8b465ee728b)  -> (artifact id: '42eb433c13e3d64e362624af7cea8480') in 0.115040 seconds 
========================================================================
Received Import Request.
  Time since last request: 5.189697 seconds.
  path: Assets/Polyart/PolyartStudio/DreamscapeMeadows/Prefabs/Rocks/Prefab_RockFormation_03.prefab
  artifactKey: Guid(966dbb131254b764da9c8aec1b056832) Importer(815301076,1909f56bfc062723c751e8b465ee728b)
Start importing Assets/Polyart/PolyartStudio/DreamscapeMeadows/Prefabs/Rocks/Prefab_RockFormation_03.prefab using Guid(966dbb131254b764da9c8aec1b056832) Importer(815301076,1909f56bfc062723c751e8b465ee728b)  -> (artifact id: '78f3d519d7b5e079e766214a7fea4a56') in 0.455881 seconds 
========================================================================
Received Import Request.
  Time since last request: 0.291298 seconds.
  path: Assets/Polyart/PolyartStudio/DreamscapeMeadows/Prefabs/Rocks/Prefab_SmallRock_01.prefab
  artifactKey: Guid(fda548b1a9a73d440a16eb1f20ab9eb6) Importer(815301076,1909f56bfc062723c751e8b465ee728b)
Start importing Assets/Polyart/PolyartStudio/DreamscapeMeadows/Prefabs/Rocks/Prefab_SmallRock_01.prefab using Guid(fda548b1a9a73d440a16eb1f20ab9eb6) Importer(815301076,1909f56bfc062723c751e8b465ee728b)  -> (artifact id: '06fb9a1ce89dd82b6e9b7bfa45180681') in 0.082457 seconds 
========================================================================
Received Import Request.
  Time since last request: 2.193477 seconds.
  path: Assets/Polyart/PolyartStudio/DreamscapeMeadows/Prefabs/Rocks/Prefab_RocksRound_02.prefab
  artifactKey: Guid(a11a4906288398248a504cfc6ceca0d7) Importer(815301076,1909f56bfc062723c751e8b465ee728b)
Start importing Assets/Polyart/PolyartStudio/DreamscapeMeadows/Prefabs/Rocks/Prefab_RocksRound_02.prefab using Guid(a11a4906288398248a504cfc6ceca0d7) Importer(815301076,1909f56bfc062723c751e8b465ee728b)  -> (artifact id: 'a86c5ca73f83a0e45dfdfe74411d348b') in 0.032949 seconds 
========================================================================
Received Import Request.
  Time since last request: 27.087569 seconds.
  path: Assets/Polyart/PolyartStudio/DreamscapeMeadows/Materials/Effects/M_Dust.mat
  artifactKey: Guid(542c261e67d832b4cb3e422ccbbea178) Importer(815301076,1909f56bfc062723c751e8b465ee728b)
Start importing Assets/Polyart/PolyartStudio/DreamscapeMeadows/Materials/Effects/M_Dust.mat using Guid(542c261e67d832b4cb3e422ccbbea178) Importer(815301076,1909f56bfc062723c751e8b465ee728b)  -> (artifact id: '13fa63a12ebbd384463c4c5d682916d3') in 0.299377 seconds 
========================================================================
Received Import Request.
  Time since last request: 13.489116 seconds.
  path: Assets/Polyart/PolyartStudio/DreamscapeMeadows/Effects
  artifactKey: Guid(29b67738338ef1b45b23054bdc336eec) Importer(815301076,1909f56bfc062723c751e8b465ee728b)
Start importing Assets/Polyart/PolyartStudio/DreamscapeMeadows/Effects using Guid(29b67738338ef1b45b23054bdc336eec) Importer(815301076,1909f56bfc062723c751e8b465ee728b)  -> (artifact id: 'ad5a2669b9e357adc480cb8413c741e3') in 0.007495 seconds 
========================================================================
Received Import Request.
  Time since last request: 1.838364 seconds.
  path: Assets/Polyart/PolyartStudio/DreamscapeMeadows/Effects/Campfire.prefab
  artifactKey: Guid(a9c199292ca4a8249abe0489e19c3a8f) Importer(815301076,1909f56bfc062723c751e8b465ee728b)
Start importing Assets/Polyart/PolyartStudio/DreamscapeMeadows/Effects/Campfire.prefab using Guid(a9c199292ca4a8249abe0489e19c3a8f) Importer(815301076,1909f56bfc062723c751e8b465ee728b)  -> (artifact id: '3f38d84baf17a676e92d4607e5603e5e') in 0.121127 seconds 
========================================================================
Received Import Request.
  Time since last request: 0.000027 seconds.
  path: Assets/Polyart/PolyartStudio/DreamscapeMeadows/Materials/Effects/M_Fire.mat
  artifactKey: Guid(eecc1166fea90a74db25ca9639f920fc) Importer(815301076,1909f56bfc062723c751e8b465ee728b)
Start importing Assets/Polyart/PolyartStudio/DreamscapeMeadows/Materials/Effects/M_Fire.mat using Guid(eecc1166fea90a74db25ca9639f920fc) Importer(815301076,1909f56bfc062723c751e8b465ee728b)  -> (artifact id: 'c0393c284525a8ef738bf0c9cc43c6b4') in 0.032945 seconds 
========================================================================
Received Import Request.
  Time since last request: 1.038636 seconds.
  path: Assets/Polyart/PolyartStudio/DreamscapeMeadows/Effects/Dust_Particle_Red.prefab
  artifactKey: Guid(fbda289622c18cd42911d1a601d5bc87) Importer(815301076,1909f56bfc062723c751e8b465ee728b)
Start importing Assets/Polyart/PolyartStudio/DreamscapeMeadows/Effects/Dust_Particle_Red.prefab using Guid(fbda289622c18cd42911d1a601d5bc87) Importer(815301076,1909f56bfc062723c751e8b465ee728b)  -> (artifact id: '386bb0f55351441f984647e0550165e0') in 0.023657 seconds 
========================================================================
Received Import Request.
  Time since last request: 0.000029 seconds.
  path: Assets/Polyart/PolyartStudio/DreamscapeMeadows/Materials/Effects/M_Dust_Red.mat
  artifactKey: Guid(d61ec772b2bfecf46b31a910d43a954f) Importer(815301076,1909f56bfc062723c751e8b465ee728b)
Start importing Assets/Polyart/PolyartStudio/DreamscapeMeadows/Materials/Effects/M_Dust_Red.mat using Guid(d61ec772b2bfecf46b31a910d43a954f) Importer(815301076,1909f56bfc062723c751e8b465ee728b)  -> (artifact id: 'aae6e47dd7020a76af0cabe4e4f3b9ca') in 0.055508 seconds 
========================================================================
Received Import Request.
  Time since last request: 0.632921 seconds.
  path: Assets/Polyart/PolyartStudio/DreamscapeMeadows/Effects/Dust_Particle.prefab
  artifactKey: Guid(b8f403b4517ddd844988838750e9a72a) Importer(815301076,1909f56bfc062723c751e8b465ee728b)
Start importing Assets/Polyart/PolyartStudio/DreamscapeMeadows/Effects/Dust_Particle.prefab using Guid(b8f403b4517ddd844988838750e9a72a) Importer(815301076,1909f56bfc062723c751e8b465ee728b)  -> (artifact id: 'f3c233fd49bb1435d3a4fa52dc497ea2') in 0.021534 seconds 
========================================================================
Received Import Request.
  Time since last request: 1.710541 seconds.
  path: Assets/Polyart/PolyartStudio/DreamscapeMeadows/Effects/Leaf_Particle_Wind.prefab
  artifactKey: Guid(29bbd1fbe87d69741932f701bef897d5) Importer(815301076,1909f56bfc062723c751e8b465ee728b)
Start importing Assets/Polyart/PolyartStudio/DreamscapeMeadows/Effects/Leaf_Particle_Wind.prefab using Guid(29bbd1fbe87d69741932f701bef897d5) Importer(815301076,1909f56bfc062723c751e8b465ee728b)  -> (artifact id: '37405b97c77ed44cd7c94fabffec349a') in 2.894575 seconds 
========================================================================
Received Import Request.
  Time since last request: 0.000033 seconds.
  path: Assets/Polyart/PolyartStudio/DreamscapeMeadows/Materials/Effects/M_Leaf_01.mat
  artifactKey: Guid(0e719df9287a89944b67cd8668f82d4f) Importer(815301076,1909f56bfc062723c751e8b465ee728b)
Start importing Assets/Polyart/PolyartStudio/DreamscapeMeadows/Materials/Effects/M_Leaf_01.mat using Guid(0e719df9287a89944b67cd8668f82d4f) Importer(815301076,1909f56bfc062723c751e8b465ee728b)  -> (artifact id: '2d7a77029fd7969d5616d58195244b4d') in 0.016671 seconds 
========================================================================
Received Import Request.
  Time since last request: 3.175091 seconds.
  path: Assets/Polyart/PolyartStudio/DreamscapeMeadows/Effects/Leaf_Particle_WindRed.prefab
  artifactKey: Guid(33bdb3ae0d3e89f49859422c9b648c04) Importer(815301076,1909f56bfc062723c751e8b465ee728b)
Start importing Assets/Polyart/PolyartStudio/DreamscapeMeadows/Effects/Leaf_Particle_WindRed.prefab using Guid(33bdb3ae0d3e89f49859422c9b648c04) Importer(815301076,1909f56bfc062723c751e8b465ee728b)  -> (artifact id: '7df8dad41d49d383f464b20c583c3a15') in 0.023942 seconds 
========================================================================
Received Import Request.
  Time since last request: 0.000025 seconds.
  path: Assets/Polyart/PolyartStudio/DreamscapeMeadows/Materials/Effects/M_Leaf_02.mat
  artifactKey: Guid(15ffacd2503968c4abd195e5a13d5fa0) Importer(815301076,1909f56bfc062723c751e8b465ee728b)
Start importing Assets/Polyart/PolyartStudio/DreamscapeMeadows/Materials/Effects/M_Leaf_02.mat using Guid(15ffacd2503968c4abd195e5a13d5fa0) Importer(815301076,1909f56bfc062723c751e8b465ee728b)  -> (artifact id: 'cb528f823e6909c383792d2356ab92c4') in 0.016928 seconds 
========================================================================
Received Import Request.
  Time since last request: 7.322243 seconds.
  path: Assets/Polyart/PolyartStudio/DreamscapeMeadows/Effects/Stylized_Fog.prefab
  artifactKey: Guid(6d745d943e5ddb34bb11b6b2f4a69cf8) Importer(815301076,1909f56bfc062723c751e8b465ee728b)
Start importing Assets/Polyart/PolyartStudio/DreamscapeMeadows/Effects/Stylized_Fog.prefab using Guid(6d745d943e5ddb34bb11b6b2f4a69cf8) Importer(815301076,1909f56bfc062723c751e8b465ee728b)  -> (artifact id: 'd6f3b75228b24a1292d0d2b2a62ac82a') in 0.305067 seconds 
========================================================================
Received Import Request.
  Time since last request: 0.000030 seconds.
  path: Assets/Polyart/PolyartStudio/DreamscapeMeadows/Materials/Effects/M_Stylized_Fog.mat
  artifactKey: Guid(3378aeba45c83ba42883da0ffb7001f9) Importer(815301076,1909f56bfc062723c751e8b465ee728b)
Start importing Assets/Polyart/PolyartStudio/DreamscapeMeadows/Materials/Effects/M_Stylized_Fog.mat using Guid(3378aeba45c83ba42883da0ffb7001f9) Importer(815301076,1909f56bfc062723c751e8b465ee728b)  -> (artifact id: 'fd58550a40a0ba2a47f9c6dd62fe2315') in 0.025470 seconds 
========================================================================
Received Import Request.
  Time since last request: 416.600400 seconds.
  path: Assets/Scenes/Main Menu.unity
  artifactKey: Guid(9fc0d4010bbf28b4594072e72b8655ab) Importer(815301076,1909f56bfc062723c751e8b465ee728b)
Start importing Assets/Scenes/Main Menu.unity using Guid(9fc0d4010bbf28b4594072e72b8655ab) Importer(815301076,1909f56bfc062723c751e8b465ee728b)  -> (artifact id: 'c32c56b6c34a64a2a08f86543605f00c') in 0.029072 seconds 
========================================================================
Received Import Request.
  Time since last request: 617.647800 seconds.
  path: Assets/Polyart
  artifactKey: Guid(e7a2faa614315714e92afe4642d7973a) Importer(815301076,1909f56bfc062723c751e8b465ee728b)
Start importing Assets/Polyart using Guid(e7a2faa614315714e92afe4642d7973a) Importer(815301076,1909f56bfc062723c751e8b465ee728b)  -> (artifact id: '85d6fc18026768b7b393d55180e7602f') in 0.010812 seconds 
========================================================================
Received Import Request.
  Time since last request: 9.512504 seconds.
  path: Assets/Polyart/PolyartStudio/Scripts/SmoothMouseLook.cs
  artifactKey: Guid(ac8d16f0735fc6449a63fb3da094d179) Importer(815301076,1909f56bfc062723c751e8b465ee728b)
Start importing Assets/Polyart/PolyartStudio/Scripts/SmoothMouseLook.cs using Guid(ac8d16f0735fc6449a63fb3da094d179) Importer(815301076,1909f56bfc062723c751e8b465ee728b)  -> (artifact id: 'f40a7794fec01c13c477dac868b0eae8') in 0.020442 seconds 
========================================================================
Received Prepare
Registering precompiled user dll's ...
Registered in 0.009374 seconds.
Begin MonoManager ReloadAssembly
Symbol file LoadedFromMemory doesn't match image E:\Unity Projects\Programming-Theory-Repo\Programming Theory Project\Library\PackageCache\com.unity.visualscripting@1.7.8\Editor\VisualScripting.Core\Dependencies\YamlDotNet\Unity.VisualScripting.YamlDotNet.dll
Symbol file LoadedFromMemory doesn't match image E:\Unity Projects\Programming-Theory-Repo\Programming Theory Project\Library\PackageCache\com.unity.visualscripting@1.7.8\Editor\VisualScripting.Core\Dependencies\DotNetZip\Unity.VisualScripting.IonicZip.dll
Native extension for WindowsStandalone target not found
Native extension for WebGL target not found
Refreshing native plugins compatible for Editor in 0.74 ms, found 3 plugins.
Preloading 0 native plugins for Editor in 0.00 ms.
[ScriptCompilation] NOT recompiling all scripts because this is an import worker process. Reason to compile was: Define symbols changed
Mono: successfully reloaded assembly
- Completed reload, in  1.759 seconds
Domain Reload Profiling:
	ReloadAssembly (1761ms)
		BeginReloadAssembly (228ms)
			ExecutionOrderSort (0ms)
			DisableScriptedObjects (9ms)
			BackupInstance (0ms)
			ReleaseScriptingObjects (0ms)
			CreateAndSetChildDomain (76ms)
		EndReloadAssembly (1400ms)
			LoadAssemblies (131ms)
			RebuildTransferFunctionScriptingTraits (0ms)
			SetupTypeCache (371ms)
			ReleaseScriptCaches (2ms)
			RebuildScriptCaches (57ms)
			SetupLoadedEditorAssemblies (796ms)
				LogAssemblyErrors (0ms)
				InitializePlatformSupportModulesInManaged (18ms)
				SetLoadedEditorAssemblies (1ms)
				RefreshPlugins (1ms)
				BeforeProcessingInitializeOnLoad (97ms)
				ProcessInitializeOnLoadAttributes (468ms)
				ProcessInitializeOnLoadMethodAttributes (196ms)
				AfterProcessingInitializeOnLoad (16ms)
				EditorAssembliesLoaded (0ms)
			ExecutionOrderSort2 (0ms)
			AwakeInstancesAfterBackupRestoration (11ms)
Platform modules already initialized, skipping
Refreshing native plugins compatible for Editor in 2.24 ms, found 3 plugins.
Preloading 0 native plugins for Editor in 0.00 ms.
Unloading 3505 Unused Serialized files (Serialized files now loaded: 0)
Unloading 63 unused Assets / (3.3 MB). Loaded Objects now: 4018.
Memory consumption went from 220.6 MB to 217.4 MB.
Total: 5.109300 ms (FindLiveObjects: 0.358200 ms CreateObjectMapping: 0.300100 ms MarkObjects: 3.294800 ms  DeleteObjects: 1.154900 ms)

AssetImportParameters requested are different than current active one (requested -> active):
  colorSpace: 1 -> 0
  custom:video-decoder-ogg-theora: a1e56fd34408186e4bbccfd4996cb3dc -> 
  custom:container-muxer-webm: aa71ff27fc2769a1b78a27578f13a17b -> 
  custom:container-demuxer-webm: 4f35f7cbe854078d1ac9338744f61a02 -> 
  custom:video-encoder-webm-vp8: eb34c28f22e8b96e1ab97ce403110664 -> 
  custom:audio-encoder-webm-vorbis: bf7c407c2cedff20999df2af8eb42d56 -> 
  custom:framework-win-MediaFoundation: 216162199b28c13a410421893ffa2e32 -> 
  custom:container-demuxer-ogg: 62fdf1f143b41e24485cea50d1cbac27 -> 
  custom:video-decoder-webm-vp8: 9c59270c3fd7afecdb556c50c9e8de78 -> 
  custom:graphics/active-color-space: 03000000000000000000000000000000 -> 02000000000000000000000000000000
  custom:audio-decoder-ogg-vorbis: bf7c407c2cedff20999df2af8eb42d56 -> 
